Arguments: 
  /Users/jossic/.nvm/versions/node/v17.3.0/bin/node /Users/jossic/.nvm/versions/node/v17.3.0/bin/yarn add typescrypt ts-node @types/node

PATH: 
  /Users/jossic/.nvm/versions/node/v17.3.0/bin:/opt/homebrew/bin:/usr/local/bin:/usr/bin:/bin:/usr/sbin:/sbin:/Library/Apple/usr/bin:/Users/jossic/.nvm/versions/node/v17.3.0/bin:/opt/homebrew/bin:/Users/jossic/.composer/vendor/bin:/Users/jossic/Library/Android/sdk/emulator:/Users/jossic/Library/Android/sdk/tools:/Users/jossic/Library/Android/sdk/tools/bin:/Users/jossic/Library/Android/sdk/platform-tools:/Users/jossic/.composer/vendor/bin:/Users/jossic/Library/Android/sdk/emulator:/Users/jossic/Library/Android/sdk/tools:/Users/jossic/Library/Android/sdk/tools/bin:/Users/jossic/Library/Android/sdk/platform-tools

Yarn version: 
  1.22.17

Node version: 
  17.3.0

Platform: 
  darwin arm64

Trace: 
  Error: https://registry.yarnpkg.com/typescrypt: Not found
      at Request.params.callback [as _callback] (/Users/jossic/.nvm/versions/node/v17.3.0/lib/node_modules/yarn/lib/cli.js:67029:18)
      at Request.self.callback (/Users/jossic/.nvm/versions/node/v17.3.0/lib/node_modules/yarn/lib/cli.js:140883:22)
      at Request.emit (node:events:390:28)
      at Request.<anonymous> (/Users/jossic/.nvm/versions/node/v17.3.0/lib/node_modules/yarn/lib/cli.js:141855:10)
      at Request.emit (node:events:390:28)
      at IncomingMessage.<anonymous> (/Users/jossic/.nvm/versions/node/v17.3.0/lib/node_modules/yarn/lib/cli.js:141777:12)
      at Object.onceWrapper (node:events:509:28)
      at IncomingMessage.emit (node:events:402:35)
      at endReadableNT (node:internal/streams/readable:1343:12)
      at processTicksAndRejections (node:internal/process/task_queues:83:21)

npm manifest: 
  {
  	"name": "ts-test",
  	"version": "1.0.0",
  	"main": "index.js",
  	"license": "MIT",
  	"devDependencies": {}
  }

yarn manifest: 
  No manifest

Lockfile: 
  # THIS IS AN AUTOGENERATED FILE. DO NOT EDIT THIS FILE DIRECTLY.
  # yarn lockfile v1
